Release 13.4 - xst O.87xd (lin64)
Copyright (c) 1995-2011 Xilinx, Inc.  All rights reserved.
--> 
Parameter TMPDIR set to xst/projnav.tmp


Total REAL time to Xst completion: 0.00 secs
Total CPU time to Xst completion: 0.07 secs
 
--> 
Parameter xsthdpdir set to xst


Total REAL time to Xst completion: 0.00 secs
Total CPU time to Xst completion: 0.07 secs
 
--> 
Reading design: Game_Funct.prj

TABLE OF CONTENTS
  1) Synthesis Options Summary
  2) HDL Compilation
  3) Design Hierarchy Analysis
  4) HDL Analysis
  5) HDL Synthesis
     5.1) HDL Synthesis Report
  6) Advanced HDL Synthesis
     6.1) Advanced HDL Synthesis Report
  7) Low Level Synthesis
  8) Partition Report
  9) Final Report
	9.1) Device utilization summary
	9.2) Partition Resource Summary
	9.3) TIMING REPORT


=========================================================================
*                      Synthesis Options Summary                        *
=========================================================================
---- Source Parameters
Input File Name                    : "Game_Funct.prj"
Input Format                       : mixed
Ignore Synthesis Constraint File   : NO

---- Target Parameters
Output File Name                   : "Game_Funct"
Output Format                      : NGC
Target Device                      : xc3s500e-5-fg320

---- Source Options
Top Module Name                    : Game_Funct
Automatic FSM Extraction           : YES
FSM Encoding Algorithm             : Auto
Safe Implementation                : No
FSM Style                          : LUT
RAM Extraction                     : Yes
RAM Style                          : Auto
ROM Extraction                     : Yes
Mux Style                          : Auto
Decoder Extraction                 : YES
Priority Encoder Extraction        : Yes
Shift Register Extraction          : YES
Logical Shifter Extraction         : YES
XOR Collapsing                     : YES
ROM Style                          : Auto
Mux Extraction                     : Yes
Resource Sharing                   : YES
Asynchronous To Synchronous        : NO
Multiplier Style                   : Auto
Automatic Register Balancing       : No

---- Target Options
Add IO Buffers                     : YES
Global Maximum Fanout              : 100000
Add Generic Clock Buffer(BUFG)     : 24
Register Duplication               : YES
Slice Packing                      : YES
Optimize Instantiated Primitives   : NO
Use Clock Enable                   : Yes
Use Synchronous Set                : Yes
Use Synchronous Reset              : Yes
Pack IO Registers into IOBs        : Auto
Equivalent register Removal        : YES

---- General Options
Optimization Goal                  : Speed
Optimization Effort                : 1
Keep Hierarchy                     : No
Netlist Hierarchy                  : As_Optimized
RTL Output                         : Yes
Global Optimization                : AllClockNets
Read Cores                         : YES
Write Timing Constraints           : NO
Cross Clock Analysis               : NO
Hierarchy Separator                : /
Bus Delimiter                      : <>
Case Specifier                     : Maintain
Slice Utilization Ratio            : 100
BRAM Utilization Ratio             : 100
Verilog 2001                       : YES
Auto BRAM Packing                  : NO
Slice Utilization Ratio Delta      : 5

=========================================================================


=========================================================================
*                          HDL Compilation                              *
=========================================================================
Compiling vhdl file "/home/student1/sshahwar/Desktop/Pong_Game_Coe758/Pong_Game/Game_Funct.vhd" in Library work.
Entity <game_funct> compiled.
WARNING:HDLParsers:1406 - "/home/student1/sshahwar/Desktop/Pong_Game_Coe758/Pong_Game/Game_Funct.vhd" Line 191. No sensitivity list and no wait in the process
Entity <game_funct> (Architecture <behavioral>) compiled.

=========================================================================
*                     Design Hierarchy Analysis                         *
=========================================================================
Analyzing hierarchy for entity <Game_Funct> in library <work> (architecture <behavioral>).


=========================================================================
*                            HDL Analysis                               *
=========================================================================
Analyzing Entity <Game_Funct> in library <work> (Architecture <behavioral>).
WARNING:Xst:819 - "/home/student1/sshahwar/Desktop/Pong_Game_Coe758/Pong_Game/Game_Funct.vhd" line 191: One or more signals are missing in the process sensitivity list. To enable synthesis of FPGA/CPLD hardware, XST will assume that all necessary signals are present in the sensitivity list. Please note that the result of the synthesis may differ from the initial design specification. The missing signals are:
   <hcounter>, <vcounter>, <R>, <G>, <B>
WARNING:Xst:819 - "/home/student1/sshahwar/Desktop/Pong_Game_Coe758/Pong_Game/Game_Funct.vhd" line 367: One or more signals are missing in the process sensitivity list. To enable synthesis of FPGA/CPLD hardware, XST will assume that all necessary signals are present in the sensitivity list. Please note that the result of the synthesis may differ from the initial design specification. The missing signals are:
   <ball_x1>, <ball_x2>, <ball_y1>, <ball_y2>, <score>, <tborder_x1>, <tborder_x2>, <tborder_y1>, <tborder_y2>, <tborder_x3>, <tborder_x4>, <tborder_y3>, <tborder_y4>, <tborder_x5>, <tborder_x6>, <tborder_y5>, <tborder_y6>, <bborder_x1>, <bborder_x2>, <bborder_y1>, <bborder_y2>, <bborder_x3>, <bborder_x4>, <bborder_y3>, <bborder_y4>, <bborder_x5>, <bborder_x6>, <bborder_y5>, <bborder_y6>, <gcntrborder_x1>, <gcntrborder_x2>, <gcntrborder_y1>, <gcntrborder_y2>, <midline_x1>, <midline_x2>, <midline_y1>, <midline_y2>, <cntrborder_x1>, <cntrborder_x2>, <cntrborder_y1>, <cntrborder_y2>, <red_paddle_x1>, <red_paddle_x2>, <red_paddle_y1>, <red_paddle_y2>, <blue_paddle_x1>, <blue_paddle_x2>, <blue_paddle_y1>, <blue_paddle_y2>
Entity <Game_Funct> analyzed. Unit <Game_Funct> generated.


=========================================================================
*                           HDL Synthesis                               *
=========================================================================

Performing bidirectional port resolution...

Synthesizing Unit <Game_Funct>.
    Related source file is "/home/student1/sshahwar/Desktop/Pong_Game_Coe758/Pong_Game/Game_Funct.vhd".
WARNING:Xst:647 - Input <SWH1> is never used. This port will be preserved and left unconnected if it belongs to a top-level block or it belongs to a sub-block and the hierarchy of this sub-block is preserved.
WARNING:Xst:647 - Input <SWH3> is never used. This port will be preserved and left unconnected if it belongs to a top-level block or it belongs to a sub-block and the hierarchy of this sub-block is preserved.
WARNING:Xst:653 - Signal <tborder_y6> is used but never assigned. This sourceless signal will be automatically connected to value 00000000000000000000000010100000.
WARNING:Xst:653 - Signal <tborder_y5> is used but never assigned. This sourceless signal will be automatically connected to value 00000000000000000000000000001010.
WARNING:Xst:653 - Signal <tborder_y4> is used but never assigned. This sourceless signal will be automatically connected to value 00000000000000000000000000010100.
WARNING:Xst:653 - Signal <tborder_y3> is used but never assigned. This sourceless signal will be automatically connected to value 00000000000000000000000000001010.
WARNING:Xst:653 - Signal <tborder_y2> is used but never assigned. This sourceless signal will be automatically connected to value 00000000000000000000000010100000.
WARNING:Xst:653 - Signal <tborder_y1> is used but never assigned. This sourceless signal will be automatically connected to value 00000000000000000000000000001010.
WARNING:Xst:653 - Signal <tborder_x6> is used but never assigned. This sourceless signal will be automatically connected to value 00000000000000000000001001110110.
WARNING:Xst:653 - Signal <tborder_x5> is used but never assigned. This sourceless signal will be automatically connected to value 00000000000000000000001001101100.
WARNING:Xst:653 - Signal <tborder_x4> is used but never assigned. This sourceless signal will be automatically connected to value 00000000000000000000001001110110.
WARNING:Xst:653 - Signal <tborder_x3> is used but never assigned. This sourceless signal will be automatically connected to value 00000000000000000000000000001010.
WARNING:Xst:653 - Signal <tborder_x2> is used but never assigned. This sourceless signal will be automatically connected to value 00000000000000000000000000010100.
WARNING:Xst:653 - Signal <tborder_x1> is used but never assigned. This sourceless signal will be automatically connected to value 00000000000000000000000000001010.
WARNING:Xst:1780 - Signal <reset> is never used or assigned. This unconnected signal will be trimmed during the optimization process.
WARNING:Xst:1780 - Signal <red_paddle_y> is never used or assigned. This unconnected signal will be trimmed during the optimization process.
WARNING:Xst:653 - Signal <red_paddle_x2> is used but never assigned. This sourceless signal will be automatically connected to value 00000000000000000000001001101010.
WARNING:Xst:653 - Signal <red_paddle_x1> is used but never assigned. This sourceless signal will be automatically connected to value 00000000000000000000001001100000.
WARNING:Xst:1780 - Signal <red_paddle_x> is never used or assigned. This unconnected signal will be trimmed during the optimization process.
WARNING:Xst:653 - Signal <red_goal> is used but never assigned. This sourceless signal will be automatically connected to value 00000000000000000000001001110001.
WARNING:Xst:653 - Signal <midline_y2> is used but never assigned. This sourceless signal will be automatically connected to value 00000000000000000000000111000010.
WARNING:Xst:653 - Signal <midline_y1> is used but never assigned. This sourceless signal will be automatically connected to value 00000000000000000000000000011110.
WARNING:Xst:653 - Signal <midline_x2> is used but never assigned. This sourceless signal will be automatically connected to value 00000000000000000000000101000010.
WARNING:Xst:653 - Signal <midline_x1> is used but never assigned. This sourceless signal will be automatically connected to value 00000000000000000000000100111110.
WARNING:Xst:653 - Signal <gcntrborder_y2> is used but never assigned. This sourceless signal will be automatically connected to value 00000000000000000000000011111111.
WARNING:Xst:653 - Signal <gcntrborder_y1> is used but never assigned. This sourceless signal will be automatically connected to value 00000000000000000000000011100001.
WARNING:Xst:653 - Signal <gcntrborder_x2> is used but never assigned. This sourceless signal will be automatically connected to value 00000000000000000000000101001111.
WARNING:Xst:653 - Signal <gcntrborder_x1> is used but never assigned. This sourceless signal will be automatically connected to value 00000000000000000000000100110001.
WARNING:Xst:653 - Signal <cntrborder_y2> is used but never assigned. This sourceless signal will be automatically connected to value 00000000000000000000000100000100.
WARNING:Xst:653 - Signal <cntrborder_y1> is used but never assigned. This sourceless signal will be automatically connected to value 00000000000000000000000011011100.
WARNING:Xst:653 - Signal <cntrborder_x2> is used but never assigned. This sourceless signal will be automatically connected to value 00000000000000000000000101010100.
WARNING:Xst:653 - Signal <cntrborder_x1> is used but never assigned. This sourceless signal will be automatically connected to value 00000000000000000000000100101100.
WARNING:Xst:1780 - Signal <blue_paddle_y> is never used or assigned. This unconnected signal will be trimmed during the optimization process.
WARNING:Xst:653 - Signal <blue_paddle_x2> is used but never assigned. This sourceless signal will be automatically connected to value 00000000000000000000000000011110.
WARNING:Xst:653 - Signal <blue_paddle_x1> is used but never assigned. This sourceless signal will be automatically connected to value 00000000000000000000000000010100.
WARNING:Xst:1780 - Signal <blue_paddle_x> is never used or assigned. This unconnected signal will be trimmed during the optimization process.
WARNING:Xst:653 - Signal <blue_goal> is used but never assigned. This sourceless signal will be automatically connected to value 00000000000000000000000000001111.
WARNING:Xst:653 - Signal <bborder_y6> is used but never assigned. This sourceless signal will be automatically connected to value 00000000000000000000000111010110.
WARNING:Xst:653 - Signal <bborder_y5> is used but never assigned. This sourceless signal will be automatically connected to value 00000000000000000000000100101100.
WARNING:Xst:653 - Signal <bborder_y4> is used but never assigned. This sourceless signal will be automatically connected to value 00000000000000000000000111010110.
WARNING:Xst:653 - Signal <bborder_y3> is used but never assigned. This sourceless signal will be automatically connected to value 00000000000000000000000111001100.
WARNING:Xst:653 - Signal <bborder_y2> is used but never assigned. This sourceless signal will be automatically connected to value 00000000000000000000000111010110.
WARNING:Xst:653 - Signal <bborder_y1> is used but never assigned. This sourceless signal will be automatically connected to value 00000000000000000000000100101100.
WARNING:Xst:653 - Signal <bborder_x6> is used but never assigned. This sourceless signal will be automatically connected to value 00000000000000000000001001110110.
WARNING:Xst:653 - Signal <bborder_x5> is used but never assigned. This sourceless signal will be automatically connected to value 00000000000000000000001001101100.
WARNING:Xst:653 - Signal <bborder_x4> is used but never assigned. This sourceless signal will be automatically connected to value 00000000000000000000001001110110.
WARNING:Xst:653 - Signal <bborder_x3> is used but never assigned. This sourceless signal will be automatically connected to value 00000000000000000000000000001010.
WARNING:Xst:653 - Signal <bborder_x2> is used but never assigned. This sourceless signal will be automatically connected to value 00000000000000000000000000010100.
WARNING:Xst:653 - Signal <bborder_x1> is used but never assigned. This sourceless signal will be automatically connected to value 00000000000000000000000000001010.
    Found 10-bit subtractor for signal <$sub0000> created at line 371.
    Found 9-bit subtractor for signal <$sub0001> created at line 372.
    Found 32-bit comparator greater for signal <B$cmp_gt0000> created at line 378.
    Found 32-bit comparator greater for signal <B$cmp_gt0001> created at line 378.
    Found 32-bit comparator greater for signal <B$cmp_gt0002> created at line 388.
    Found 32-bit comparator greater for signal <B$cmp_gt0003> created at line 388.
    Found 32-bit comparator greater for signal <B$cmp_gt0004> created at line 398.
    Found 32-bit comparator greater for signal <B$cmp_gt0005> created at line 398.
    Found 32-bit comparator greater for signal <B$cmp_gt0006> created at line 404.
    Found 32-bit comparator greater for signal <B$cmp_gt0007> created at line 404.
    Found 32-bit comparator greater for signal <B$cmp_gt0008> created at line 410.
    Found 32-bit comparator greater for signal <B$cmp_gt0009> created at line 410.
    Found 32-bit comparator greater for signal <B$cmp_gt0010> created at line 417.
    Found 32-bit comparator greater for signal <B$cmp_gt0011> created at line 417.
    Found 32-bit comparator greater for signal <B$cmp_gt0012> created at line 421.
    Found 32-bit comparator greater for signal <B$cmp_gt0013> created at line 421.
    Found 32-bit comparator greater for signal <B$cmp_gt0014> created at line 425.
    Found 32-bit comparator greater for signal <B$cmp_gt0015> created at line 425.
    Found 32-bit comparator greater for signal <B$cmp_gt0016> created at line 432.
    Found 32-bit comparator greater for signal <B$cmp_gt0017> created at line 432.
    Found 32-bit comparator greater for signal <B$cmp_gt0018> created at line 436.
    Found 32-bit comparator greater for signal <B$cmp_gt0019> created at line 436.
    Found 32-bit comparator greater for signal <B$cmp_gt0020> created at line 440.
    Found 32-bit comparator greater for signal <B$cmp_gt0021> created at line 440.
    Found 32-bit comparator greater for signal <B$cmp_gt0022> created at line 446.
    Found 32-bit comparator greater for signal <B$cmp_gt0023> created at line 446.
    Found 32-bit comparator less for signal <B$cmp_lt0000> created at line 378.
    Found 32-bit comparator less for signal <B$cmp_lt0001> created at line 378.
    Found 32-bit comparator less for signal <B$cmp_lt0002> created at line 388.
    Found 32-bit comparator less for signal <B$cmp_lt0003> created at line 388.
    Found 32-bit comparator less for signal <B$cmp_lt0004> created at line 398.
    Found 32-bit comparator less for signal <B$cmp_lt0005> created at line 398.
    Found 32-bit comparator less for signal <B$cmp_lt0006> created at line 404.
    Found 32-bit comparator less for signal <B$cmp_lt0007> created at line 404.
    Found 32-bit comparator less for signal <B$cmp_lt0008> created at line 410.
    Found 32-bit comparator less for signal <B$cmp_lt0009> created at line 410.
    Found 32-bit comparator less for signal <B$cmp_lt0010> created at line 417.
    Found 32-bit comparator less for signal <B$cmp_lt0011> created at line 417.
    Found 32-bit comparator less for signal <B$cmp_lt0012> created at line 421.
    Found 32-bit comparator less for signal <B$cmp_lt0013> created at line 421.
    Found 32-bit comparator less for signal <B$cmp_lt0014> created at line 425.
    Found 32-bit comparator less for signal <B$cmp_lt0015> created at line 425.
    Found 32-bit comparator less for signal <B$cmp_lt0016> created at line 432.
    Found 32-bit comparator less for signal <B$cmp_lt0017> created at line 432.
    Found 32-bit comparator less for signal <B$cmp_lt0018> created at line 436.
    Found 32-bit comparator less for signal <B$cmp_lt0019> created at line 436.
    Found 32-bit comparator less for signal <B$cmp_lt0020> created at line 440.
    Found 32-bit comparator less for signal <B$cmp_lt0021> created at line 440.
    Found 32-bit comparator less for signal <B$cmp_lt0022> created at line 446.
    Found 32-bit comparator less for signal <B$cmp_lt0023> created at line 446.
    Found 1-bit register for signal <ball_x>.
    Found 32-bit adder for signal <ball_x$add0000> created at line 226.
    Found 32-bit adder for signal <ball_x$add0001> created at line 224.
    Found 32-bit adder for signal <ball_x$add0002> created at line 224.
    Found 32-bit subtractor for signal <ball_x$addsub0000> created at line 235.
    Found 32-bit comparator greatequal for signal <ball_x$cmp_ge0000> created at line 235.
    Found 32-bit comparator greatequal for signal <ball_x$cmp_ge0001> created at line 235.
    Found 32-bit comparator greatequal for signal <ball_x$cmp_ge0002> created at line 230.
    Found 32-bit comparator greatequal for signal <ball_x$cmp_ge0003> created at line 230.
    Found 32-bit comparator greatequal for signal <ball_x$cmp_ge0004> created at line 226.
    Found 32-bit comparator greatequal for signal <ball_x$cmp_ge0005> created at line 224.
    Found 32-bit comparator greatequal for signal <ball_x$cmp_ge0006> created at line 244.
    Found 32-bit comparator greatequal for signal <ball_x$cmp_ge0007> created at line 257.
    Found 32-bit comparator greatequal for signal <ball_x$cmp_ge0008> created at line 257.
    Found 32-bit comparator greatequal for signal <ball_x$cmp_ge0009> created at line 256.
    Found 32-bit comparator greatequal for signal <ball_x$cmp_ge0010> created at line 256.
    Found 32-bit comparator greatequal for signal <ball_x$cmp_ge0011> created at line 256.
    Found 32-bit comparator greatequal for signal <ball_x$cmp_ge0012> created at line 257.
    Found 32-bit comparator greatequal for signal <ball_x$cmp_ge0013> created at line 224.
    Found 32-bit comparator lessequal for signal <ball_x$cmp_le0000> created at line 235.
    Found 32-bit comparator lessequal for signal <ball_x$cmp_le0001> created at line 230.
    Found 32-bit comparator lessequal for signal <ball_x$cmp_le0002> created at line 226.
    Found 32-bit comparator lessequal for signal <ball_x$cmp_le0003> created at line 226.
    Found 32-bit comparator lessequal for signal <ball_x$cmp_le0004> created at line 224.
    Found 32-bit comparator lessequal for signal <ball_x$cmp_le0005> created at line 224.
    Found 32-bit comparator lessequal for signal <ball_x$cmp_le0006> created at line 244.
    Found 32-bit comparator lessequal for signal <ball_x$cmp_le0007> created at line 244.
    Found 32-bit comparator lessequal for signal <ball_x$cmp_le0008> created at line 257.
    Found 32-bit comparator lessequal for signal <ball_x$cmp_le0009> created at line 257.
    Found 32-bit comparator lessequal for signal <ball_x$cmp_le0010> created at line 256.
    Found 32-bit comparator lessequal for signal <ball_x$cmp_le0011> created at line 256.
    Found 32-bit comparator lessequal for signal <ball_x$cmp_le0012> created at line 257.
    Found 32-bit comparator lessequal for signal <ball_x$cmp_le0013> created at line 226.
    Found 32-bit subtractor for signal <ball_x$sub0000> created at line 230.
    Found 32-bit subtractor for signal <ball_x$sub0001> created at line 226.
    Found 32-bit register for signal <ball_x1>.
    Found 32-bit addsub for signal <ball_x1$addsub0000>.
    Found 32-bit comparator greatequal for signal <ball_x1$cmp_ge0000> created at line 290.
    Found 32-bit comparator lessequal for signal <ball_x1$cmp_le0000> created at line 283.
    Found 32-bit register for signal <ball_x2>.
    Found 32-bit addsub for signal <ball_x2$addsub0000>.
    Found 1-bit register for signal <ball_y>.
    Found 32-bit adder for signal <ball_y$add0000> created at line 263.
    Found 32-bit subtractor for signal <ball_y$addsub0000> created at line 265.
    Found 32-bit comparator greatequal for signal <ball_y$cmp_ge0000> created at line 265.
    Found 32-bit comparator lessequal for signal <ball_y$cmp_le0000> created at line 263.
    Found 32-bit register for signal <ball_y1>.
    Found 32-bit addsub for signal <ball_y1$addsub0000>.
    Found 32-bit register for signal <ball_y2>.
    Found 32-bit addsub for signal <ball_y2$addsub0000>.
    Found 32-bit updown accumulator for signal <blue_paddle_y1>.
    Found 32-bit comparator greatequal for signal <blue_paddle_y1$cmp_ge0000> created at line 355.
    Found 32-bit comparator lessequal for signal <blue_paddle_y1$cmp_le0000> created at line 347.
    Found 32-bit updown accumulator for signal <blue_paddle_y2>.
    Found 1-bit register for signal <fresh_clk>.
    Found 32-bit comparator greatequal for signal <fresh_clk$cmp_ge0000> created at line 208.
    Found 32-bit up counter for signal <fresh_controller>.
    Found 10-bit up counter for signal <hcounter>.
    Found 10-bit comparator lessequal for signal <Hsync$cmp_le0000> created at line 185.
    Found 1-bit register for signal <pixel_clk>.
    Found 32-bit updown accumulator for signal <red_paddle_y1>.
    Found 32-bit comparator greatequal for signal <red_paddle_y1$cmp_ge0000> created at line 339.
    Found 32-bit comparator lessequal for signal <red_paddle_y1$cmp_le0000> created at line 331.
    Found 32-bit updown accumulator for signal <red_paddle_y2>.
    Found 10-bit comparator greatequal for signal <Rout$cmp_ge0000> created at line 194.
    Found 10-bit comparator greatequal for signal <Rout$cmp_ge0001> created at line 194.
    Found 10-bit comparator lessequal for signal <Rout$cmp_le0000> created at line 194.
    Found 10-bit comparator lessequal for signal <Rout$cmp_le0001> created at line 194.
    Found 1-bit register for signal <score>.
    Found 32-bit comparator greater for signal <score$cmp_gt0000> created at line 274.
    Found 32-bit comparator less for signal <score$cmp_lt0000> created at line 272.
    Found 10-bit up counter for signal <vcounter>.
    Found 10-bit comparator lessequal for signal <Vsync$cmp_le0000> created at line 187.
    Summary:
	inferred   3 Counter(s).
	inferred   4 Accumulator(s).
	inferred 133 D-type flip-flop(s).
	inferred  14 Adder/Subtractor(s).
	inferred  93 Comparator(s).
Unit <Game_Funct> synthesized.

INFO:Xst:1767 - HDL ADVISOR - Resource sharing has identified that some arithmetic operations in this design can share the same physical resources for reduced device utilization. For improved clock frequency you may try to disable resource sharing.

=========================================================================
HDL Synthesis Report

Macro Statistics
# Adders/Subtractors                                   : 14
 10-bit subtractor                                     : 1
 32-bit adder                                          : 4
 32-bit addsub                                         : 4
 32-bit subtractor                                     : 4
 9-bit subtractor                                      : 1
# Counters                                             : 3
 10-bit up counter                                     : 2
 32-bit up counter                                     : 1
# Accumulators                                         : 4
 32-bit updown accumulator                             : 4
# Registers                                            : 9
 1-bit register                                        : 5
 32-bit register                                       : 4
# Comparators                                          : 93
 10-bit comparator greatequal                          : 2
 10-bit comparator lessequal                           : 4
 32-bit comparator greatequal                          : 19
 32-bit comparator greater                             : 25
 32-bit comparator less                                : 25
 32-bit comparator lessequal                           : 18

=========================================================================

=========================================================================
*                       Advanced HDL Synthesis                          *
=========================================================================


=========================================================================
Advanced HDL Synthesis Report

Macro Statistics
# Adders/Subtractors                                   : 14
 10-bit subtractor                                     : 1
 32-bit adder                                          : 4
 32-bit addsub                                         : 4
 32-bit subtractor                                     : 4
 9-bit subtractor                                      : 1
# Counters                                             : 3
 10-bit up counter                                     : 2
 32-bit up counter                                     : 1
# Accumulators                                         : 4
 32-bit updown accumulator                             : 4
# Registers                                            : 133
 Flip-Flops                                            : 133
# Comparators                                          : 93
 10-bit comparator greatequal                          : 2
 10-bit comparator lessequal                           : 4
 32-bit comparator greatequal                          : 19
 32-bit comparator greater                             : 25
 32-bit comparator less                                : 25
 32-bit comparator lessequal                           : 18

=========================================================================

=========================================================================
*                         Low Level Synthesis                           *
=========================================================================

Optimizing unit <Game_Funct> ...

Mapping all equations...
Building and optimizing final netlist ...
Found area constraint ratio of 100 (+ 5) on block Game_Funct, actual ratio is 15.

Final Macro Processing ...

=========================================================================
Final Register Report

Macro Statistics
# Registers                                            : 313
 Flip-Flops                                            : 313

=========================================================================

=========================================================================
*                           Partition Report                            *
=========================================================================

Partition Implementation Status
-------------------------------

  No Partitions were found in this design.

-------------------------------

=========================================================================
*                            Final Report                               *
=========================================================================
Final Results
RTL Top Level Output File Name     : Game_Funct.ngr
Top Level Output File Name         : Game_Funct
Output Format                      : NGC
Optimization Goal                  : Speed
Keep Hierarchy                     : No

Design Statistics
# IOs                              : 32

Cell Usage :
# BELS                             : 2409
#      GND                         : 1
#      INV                         : 88
#      LUT1                        : 93
#      LUT2                        : 569
#      LUT3                        : 68
#      LUT4                        : 311
#      LUT4_D                      : 1
#      LUT4_L                      : 3
#      MUXCY                       : 944
#      MUXF5                       : 12
#      VCC                         : 1
#      XORCY                       : 318
# FlipFlops/Latches                : 313
#      FDE                         : 129
#      FDR                         : 151
#      FDRE                        : 10
#      FDS                         : 21
#      FDSE                        : 2
# Clock Buffers                    : 3
#      BUFG                        : 2
#      BUFGP                       : 1
# IO Buffers                       : 29
#      IBUF                        : 2
#      OBUF                        : 27
=========================================================================

Device utilization summary:
---------------------------

Selected Device : 3s500efg320-5 

 Number of Slices:                      590  out of   4656    12%  
 Number of Slice Flip Flops:            313  out of   9312     3%  
 Number of 4 input LUTs:               1133  out of   9312    12%  
 Number of IOs:                          32
 Number of bonded IOBs:                  30  out of    232    12%  
 Number of GCLKs:                         3  out of     24    12%  

---------------------------
Partition Resource Summary:
---------------------------

  No Partitions were found in this design.

---------------------------


=========================================================================
TIMING REPORT

NOTE: THESE TIMING NUMBERS ARE ONLY A SYNTHESIS ESTIMATE.
      FOR ACCURATE TIMING INFORMATION PLEASE REFER TO THE TRACE REPORT
      GENERATED AFTER PLACE-and-ROUTE.

Clock Information:
------------------
-----------------------------------+------------------------+-------+
Clock Signal                       | Clock buffer(FF name)  | Load  |
-----------------------------------+------------------------+-------+
clk                                | BUFGP                  | 1     |
pixel_clk1                         | BUFG                   | 53    |
fresh_clk1                         | BUFG                   | 259   |
-----------------------------------+------------------------+-------+

Asynchronous Control Signals Information:
----------------------------------------
No asynchronous control signals found in this design

Timing Summary:
---------------
Speed Grade: -5

   Minimum period: 7.855ns (Maximum Frequency: 127.313MHz)
   Minimum input arrival time before clock: 5.785ns
   Maximum output required time after clock: 17.235ns
   Maximum combinational path delay: No path found

Timing Detail:
--------------
All values displayed in nanoseconds (ns)

=========================================================================
Timing constraint: Default period analysis for Clock 'clk'
  Clock period: 1.760ns (frequency: 568.069MHz)
  Total number of paths / destination ports: 1 / 1
-------------------------------------------------------------------------
Delay:               1.760ns (Levels of Logic = 0)
  Source:            pixel_clk (FF)
  Destination:       pixel_clk (FF)
  Source Clock:      clk rising
  Destination Clock: clk rising

  Data Path: pixel_clk to pixel_clk
                                Gate     Net
    Cell:in->out      fanout   Delay   Delay  Logical Name (Net Name)
    ----------------------------------------  ------------
     FDR:C->Q              3   0.514   0.451  pixel_clk (pixel_clk1)
     FDR:R                     0.795          pixel_clk
    ----------------------------------------
    Total                      1.760ns (1.309ns logic, 0.451ns route)
                                       (74.4% logic, 25.6% route)

=========================================================================
Timing constraint: Default period analysis for Clock 'pixel_clk1'
  Clock period: 4.888ns (frequency: 204.579MHz)
  Total number of paths / destination ports: 1995 / 116
-------------------------------------------------------------------------
Delay:               4.888ns (Levels of Logic = 16)
  Source:            fresh_controller_0 (FF)
  Destination:       fresh_controller_0 (FF)
  Source Clock:      pixel_clk1 rising
  Destination Clock: pixel_clk1 rising

  Data Path: fresh_controller_0 to fresh_controller_0
                                Gate     Net
    Cell:in->out      fanout   Delay   Delay  Logical Name (Net Name)
    ----------------------------------------  ------------
     FDR:C->Q              2   0.514   0.532  fresh_controller_0 (fresh_controller_0)
     LUT2:I0->O            1   0.612   0.000  Mcompar_fresh_clk_cmp_ge0000_lut<0> (Mcompar_fresh_clk_cmp_ge0000_lut<0>)
     MUXCY:S->O            1   0.404   0.000  Mcompar_fresh_clk_cmp_ge0000_cy<0> (Mcompar_fresh_clk_cmp_ge0000_cy<0>)
     MUXCY:CI->O           1   0.052   0.000  Mcompar_fresh_clk_cmp_ge0000_cy<1> (Mcompar_fresh_clk_cmp_ge0000_cy<1>)
     MUXCY:CI->O           1   0.052   0.000  Mcompar_fresh_clk_cmp_ge0000_cy<2> (Mcompar_fresh_clk_cmp_ge0000_cy<2>)
     MUXCY:CI->O           1   0.052   0.000  Mcompar_fresh_clk_cmp_ge0000_cy<3> (Mcompar_fresh_clk_cmp_ge0000_cy<3>)
     MUXCY:CI->O           1   0.052   0.000  Mcompar_fresh_clk_cmp_ge0000_cy<4> (Mcompar_fresh_clk_cmp_ge0000_cy<4>)
     MUXCY:CI->O           1   0.052   0.000  Mcompar_fresh_clk_cmp_ge0000_cy<5> (Mcompar_fresh_clk_cmp_ge0000_cy<5>)
     MUXCY:CI->O           1   0.052   0.000  Mcompar_fresh_clk_cmp_ge0000_cy<6> (Mcompar_fresh_clk_cmp_ge0000_cy<6>)
     MUXCY:CI->O           1   0.052   0.000  Mcompar_fresh_clk_cmp_ge0000_cy<7> (Mcompar_fresh_clk_cmp_ge0000_cy<7>)
     MUXCY:CI->O           1   0.052   0.000  Mcompar_fresh_clk_cmp_ge0000_cy<8> (Mcompar_fresh_clk_cmp_ge0000_cy<8>)
     MUXCY:CI->O           1   0.052   0.000  Mcompar_fresh_clk_cmp_ge0000_cy<9> (Mcompar_fresh_clk_cmp_ge0000_cy<9>)
     MUXCY:CI->O           1   0.052   0.000  Mcompar_fresh_clk_cmp_ge0000_cy<10> (Mcompar_fresh_clk_cmp_ge0000_cy<10>)
     MUXCY:CI->O           1   0.052   0.000  Mcompar_fresh_clk_cmp_ge0000_cy<11> (Mcompar_fresh_clk_cmp_ge0000_cy<11>)
     MUXCY:CI->O           1   0.052   0.000  Mcompar_fresh_clk_cmp_ge0000_cy<12> (Mcompar_fresh_clk_cmp_ge0000_cy<12>)
     MUXCY:CI->O           1   0.052   0.000  Mcompar_fresh_clk_cmp_ge0000_cy<13> (Mcompar_fresh_clk_cmp_ge0000_cy<13>)
     MUXCY:CI->O          33   0.289   1.073  Mcompar_fresh_clk_cmp_ge0000_cy<14> (fresh_clk_cmp_ge0000)
     FDR:R                     0.795          fresh_controller_0
    ----------------------------------------
    Total                      4.888ns (3.283ns logic, 1.605ns route)
                                       (67.2% logic, 32.8% route)

=========================================================================
Timing constraint: Default period analysis for Clock 'fresh_clk1'
  Clock period: 7.855ns (frequency: 127.313MHz)
  Total number of paths / destination ports: 29038 / 519
-------------------------------------------------------------------------
Delay:               7.855ns (Levels of Logic = 16)
  Source:            ball_y1_2 (FF)
  Destination:       ball_x (FF)
  Source Clock:      fresh_clk1 rising
  Destination Clock: fresh_clk1 rising

  Data Path: ball_y1_2 to ball_x
                                Gate     Net
    Cell:in->out      fanout   Delay   Delay  Logical Name (Net Name)
    ----------------------------------------  ------------
     FDS:C->Q             10   0.514   0.902  ball_y1_2 (ball_y1_2)
     LUT1:I0->O            1   0.612   0.000  Mcompar_ball_x_cmp_ge0005_cy<0>_rt (Mcompar_ball_x_cmp_ge0005_cy<0>_rt)
     MUXCY:S->O            1   0.404   0.000  Mcompar_ball_x_cmp_ge0005_cy<0> (Mcompar_ball_x_cmp_ge0005_cy<0>)
     MUXCY:CI->O           1   0.051   0.000  Mcompar_ball_x_cmp_ge0005_cy<1> (Mcompar_ball_x_cmp_ge0005_cy<1>)
     MUXCY:CI->O           1   0.051   0.000  Mcompar_ball_x_cmp_ge0005_cy<2> (Mcompar_ball_x_cmp_ge0005_cy<2>)
     MUXCY:CI->O           1   0.051   0.000  Mcompar_ball_x_cmp_ge0005_cy<3> (Mcompar_ball_x_cmp_ge0005_cy<3>)
     MUXCY:CI->O           1   0.051   0.000  Mcompar_ball_x_cmp_ge0005_cy<4> (Mcompar_ball_x_cmp_ge0005_cy<4>)
     MUXCY:CI->O           1   0.051   0.000  Mcompar_ball_x_cmp_ge0005_cy<5> (Mcompar_ball_x_cmp_ge0005_cy<5>)
     MUXCY:CI->O           1   0.051   0.000  Mcompar_ball_x_cmp_ge0005_cy<6> (Mcompar_ball_x_cmp_ge0005_cy<6>)
     MUXCY:CI->O           1   0.051   0.000  Mcompar_ball_x_cmp_ge0005_cy<7> (Mcompar_ball_x_cmp_ge0005_cy<7>)
     MUXCY:CI->O           1   0.051   0.000  Mcompar_ball_x_cmp_ge0005_cy<8> (Mcompar_ball_x_cmp_ge0005_cy<8>)
     MUXCY:CI->O           1   0.051   0.000  Mcompar_ball_x_cmp_ge0005_cy<9> (Mcompar_ball_x_cmp_ge0005_cy<9>)
     MUXCY:CI->O           1   0.399   0.426  Mcompar_ball_x_cmp_ge0005_cy<10> (ball_x_cmp_ge0005)
     LUT3:I1->O            1   0.612   0.360  ball_x_mux000015 (ball_x_mux000015)
     LUT4_L:I3->LO         1   0.612   0.103  ball_x_mux000017 (ball_x_mux000017)
     LUT4:I3->O            2   0.612   0.383  ball_x_mux0000116 (N02)
     LUT4:I3->O            1   0.612   0.357  ball_x_not000125 (ball_x_not0001)
     FDSE:CE                   0.483          ball_x
    ----------------------------------------
    Total                      7.855ns (5.324ns logic, 2.531ns route)
                                       (67.8% logic, 32.2% route)

=========================================================================
Timing constraint: Default OFFSET IN BEFORE for Clock 'fresh_clk1'
  Total number of paths / destination ports: 2368 / 256
-------------------------------------------------------------------------
Offset:              5.785ns (Levels of Logic = 34)
  Source:            SWH0 (PAD)
  Destination:       blue_paddle_y2_31 (FF)
  Destination Clock: fresh_clk1 rising

  Data Path: SWH0 to blue_paddle_y2_31
                                Gate     Net
    Cell:in->out      fanout   Delay   Delay  Logical Name (Net Name)
    ----------------------------------------  ------------
     IBUF:I->O            67   1.106   1.151  SWH0_IBUF (SWH0_IBUF)
     LUT2:I1->O            1   0.612   0.000  Maccum_blue_paddle_y2_lut<0> (Maccum_blue_paddle_y2_lut<0>)
     MUXCY:S->O            1   0.404   0.000  Maccum_blue_paddle_y2_cy<0> (Maccum_blue_paddle_y2_cy<0>)
     MUXCY:CI->O           1   0.052   0.000  Maccum_blue_paddle_y2_cy<1> (Maccum_blue_paddle_y2_cy<1>)
     MUXCY:CI->O           1   0.052   0.000  Maccum_blue_paddle_y2_cy<2> (Maccum_blue_paddle_y2_cy<2>)
     MUXCY:CI->O           1   0.052   0.000  Maccum_blue_paddle_y2_cy<3> (Maccum_blue_paddle_y2_cy<3>)
     MUXCY:CI->O           1   0.052   0.000  Maccum_blue_paddle_y2_cy<4> (Maccum_blue_paddle_y2_cy<4>)
     MUXCY:CI->O           1   0.052   0.000  Maccum_blue_paddle_y2_cy<5> (Maccum_blue_paddle_y2_cy<5>)
     MUXCY:CI->O           1   0.052   0.000  Maccum_blue_paddle_y2_cy<6> (Maccum_blue_paddle_y2_cy<6>)
     MUXCY:CI->O           1   0.052   0.000  Maccum_blue_paddle_y2_cy<7> (Maccum_blue_paddle_y2_cy<7>)
     MUXCY:CI->O           1   0.052   0.000  Maccum_blue_paddle_y2_cy<8> (Maccum_blue_paddle_y2_cy<8>)
     MUXCY:CI->O           1   0.052   0.000  Maccum_blue_paddle_y2_cy<9> (Maccum_blue_paddle_y2_cy<9>)
     MUXCY:CI->O           1   0.052   0.000  Maccum_blue_paddle_y2_cy<10> (Maccum_blue_paddle_y2_cy<10>)
     MUXCY:CI->O           1   0.051   0.000  Maccum_blue_paddle_y2_cy<11> (Maccum_blue_paddle_y2_cy<11>)
     MUXCY:CI->O           1   0.051   0.000  Maccum_blue_paddle_y2_cy<12> (Maccum_blue_paddle_y2_cy<12>)
     MUXCY:CI->O           1   0.051   0.000  Maccum_blue_paddle_y2_cy<13> (Maccum_blue_paddle_y2_cy<13>)
     MUXCY:CI->O           1   0.051   0.000  Maccum_blue_paddle_y2_cy<14> (Maccum_blue_paddle_y2_cy<14>)
     MUXCY:CI->O           1   0.051   0.000  Maccum_blue_paddle_y2_cy<15> (Maccum_blue_paddle_y2_cy<15>)
     MUXCY:CI->O           1   0.051   0.000  Maccum_blue_paddle_y2_cy<16> (Maccum_blue_paddle_y2_cy<16>)
     MUXCY:CI->O           1   0.051   0.000  Maccum_blue_paddle_y2_cy<17> (Maccum_blue_paddle_y2_cy<17>)
     MUXCY:CI->O           1   0.051   0.000  Maccum_blue_paddle_y2_cy<18> (Maccum_blue_paddle_y2_cy<18>)
     MUXCY:CI->O           1   0.051   0.000  Maccum_blue_paddle_y2_cy<19> (Maccum_blue_paddle_y2_cy<19>)
     MUXCY:CI->O           1   0.051   0.000  Maccum_blue_paddle_y2_cy<20> (Maccum_blue_paddle_y2_cy<20>)
     MUXCY:CI->O           1   0.051   0.000  Maccum_blue_paddle_y2_cy<21> (Maccum_blue_paddle_y2_cy<21>)
     MUXCY:CI->O           1   0.051   0.000  Maccum_blue_paddle_y2_cy<22> (Maccum_blue_paddle_y2_cy<22>)
     MUXCY:CI->O           1   0.051   0.000  Maccum_blue_paddle_y2_cy<23> (Maccum_blue_paddle_y2_cy<23>)
     MUXCY:CI->O           1   0.051   0.000  Maccum_blue_paddle_y2_cy<24> (Maccum_blue_paddle_y2_cy<24>)
     MUXCY:CI->O           1   0.051   0.000  Maccum_blue_paddle_y2_cy<25> (Maccum_blue_paddle_y2_cy<25>)
     MUXCY:CI->O           1   0.051   0.000  Maccum_blue_paddle_y2_cy<26> (Maccum_blue_paddle_y2_cy<26>)
     MUXCY:CI->O           1   0.051   0.000  Maccum_blue_paddle_y2_cy<27> (Maccum_blue_paddle_y2_cy<27>)
     MUXCY:CI->O           1   0.051   0.000  Maccum_blue_paddle_y2_cy<28> (Maccum_blue_paddle_y2_cy<28>)
     MUXCY:CI->O           1   0.051   0.000  Maccum_blue_paddle_y2_cy<29> (Maccum_blue_paddle_y2_cy<29>)
     MUXCY:CI->O           0   0.051   0.000  Maccum_blue_paddle_y2_cy<30> (Maccum_blue_paddle_y2_cy<30>)
     XORCY:CI->O           1   0.699   0.000  Maccum_blue_paddle_y2_xor<31> (Result<31>)
     FDE:D                     0.268          blue_paddle_y2_31
    ----------------------------------------
    Total                      5.785ns (4.634ns logic, 1.151ns route)
                                       (80.1% logic, 19.9% route)

=========================================================================
Timing constraint: Default OFFSET OUT AFTER for Clock 'pixel_clk1'
  Total number of paths / destination ports: 48410 / 26
-------------------------------------------------------------------------
Offset:              17.235ns (Levels of Logic = 11)
  Source:            vcounter_2 (FF)
  Destination:       Bout<6> (PAD)
  Source Clock:      pixel_clk1 rising

  Data Path: vcounter_2 to Bout<6>
                                Gate     Net
    Cell:in->out      fanout   Delay   Delay  Logical Name (Net Name)
    ----------------------------------------  ------------
     FDRE:C->Q            26   0.514   1.223  vcounter_2 (vcounter_2)
     LUT3:I0->O           20   0.612   1.006  Msub__sub0001_cy<3>11 (Msub__sub0001_cy<3>)
     LUT4:I1->O           21   0.612   0.989  Msub__sub0001_cy<6>11 (Msub__sub0001_cy<6>)
     LUT3:I2->O           12   0.612   0.820  Msub__sub0001_xor<8>11 (_sub0001<8>)
     LUT4:I3->O            2   0.612   0.532  B_cmp_lt0009137 (B_cmp_lt0009)
     LUT3:I0->O            1   0.612   0.360  B_and000611 (B_and000611)
     LUT4:I3->O            2   0.612   0.410  B_and000621 (B_and0006)
     LUT4:I2->O            1   0.612   0.387  Gout<4>243 (Gout<4>243)
     LUT3:I2->O            3   0.612   0.603  Gout<4>284 (N13)
     LUT4:I0->O            3   0.612   0.603  Gout<4>31 (N42)
     LUT4:I0->O            4   0.612   0.499  Bout<1>1 (Bout_1_OBUF)
     OBUF:I->O                 3.169          Bout_6_OBUF (Bout<6>)
    ----------------------------------------
    Total                     17.235ns (9.803ns logic, 7.432ns route)
                                       (56.9% logic, 43.1% route)

=========================================================================
Timing constraint: Default OFFSET OUT AFTER for Clock 'clk'
  Total number of paths / destination ports: 1 / 1
-------------------------------------------------------------------------
Offset:              4.134ns (Levels of Logic = 1)
  Source:            pixel_clk (FF)
  Destination:       DAC_clk (PAD)
  Source Clock:      clk rising

  Data Path: pixel_clk to DAC_clk
                                Gate     Net
    Cell:in->out      fanout   Delay   Delay  Logical Name (Net Name)
    ----------------------------------------  ------------
     FDR:C->Q              3   0.514   0.451  pixel_clk (pixel_clk1)
     OBUF:I->O                 3.169          DAC_clk_OBUF (DAC_clk)
    ----------------------------------------
    Total                      4.134ns (3.683ns logic, 0.451ns route)
                                       (89.1% logic, 10.9% route)

=========================================================================
Timing constraint: Default OFFSET OUT AFTER for Clock 'fresh_clk1'
  Total number of paths / destination ports: 6474 / 24
-------------------------------------------------------------------------
Offset:              12.349ns (Levels of Logic = 23)
  Source:            red_paddle_y1_0 (FF)
  Destination:       Gout<6> (PAD)
  Source Clock:      fresh_clk1 rising

  Data Path: red_paddle_y1_0 to Gout<6>
                                Gate     Net
    Cell:in->out      fanout   Delay   Delay  Logical Name (Net Name)
    ----------------------------------------  ------------
     FDE:C->Q              4   0.514   0.651  red_paddle_y1_0 (red_paddle_y1_0)
     LUT2:I0->O            1   0.612   0.000  Mcompar_B_cmp_gt0021_lut<0> (Mcompar_B_cmp_gt0021_lut<0>)
     MUXCY:S->O            1   0.404   0.000  Mcompar_B_cmp_gt0021_cy<0> (Mcompar_B_cmp_gt0021_cy<0>)
     MUXCY:CI->O           1   0.052   0.000  Mcompar_B_cmp_gt0021_cy<1> (Mcompar_B_cmp_gt0021_cy<1>)
     MUXCY:CI->O           1   0.052   0.000  Mcompar_B_cmp_gt0021_cy<2> (Mcompar_B_cmp_gt0021_cy<2>)
     MUXCY:CI->O           1   0.052   0.000  Mcompar_B_cmp_gt0021_cy<3> (Mcompar_B_cmp_gt0021_cy<3>)
     MUXCY:CI->O           1   0.052   0.000  Mcompar_B_cmp_gt0021_cy<4> (Mcompar_B_cmp_gt0021_cy<4>)
     MUXCY:CI->O           1   0.052   0.000  Mcompar_B_cmp_gt0021_cy<5> (Mcompar_B_cmp_gt0021_cy<5>)
     MUXCY:CI->O           1   0.052   0.000  Mcompar_B_cmp_gt0021_cy<6> (Mcompar_B_cmp_gt0021_cy<6>)
     MUXCY:CI->O           1   0.052   0.000  Mcompar_B_cmp_gt0021_cy<7> (Mcompar_B_cmp_gt0021_cy<7>)
     MUXCY:CI->O           1   0.052   0.000  Mcompar_B_cmp_gt0021_cy<8> (Mcompar_B_cmp_gt0021_cy<8>)
     MUXCY:CI->O           1   0.052   0.000  Mcompar_B_cmp_gt0021_cy<9> (Mcompar_B_cmp_gt0021_cy<9>)
     MUXCY:CI->O           1   0.052   0.000  Mcompar_B_cmp_gt0021_cy<10> (Mcompar_B_cmp_gt0021_cy<10>)
     MUXCY:CI->O           1   0.052   0.000  Mcompar_B_cmp_gt0021_cy<11> (Mcompar_B_cmp_gt0021_cy<11>)
     MUXCY:CI->O           1   0.052   0.000  Mcompar_B_cmp_gt0021_cy<12> (Mcompar_B_cmp_gt0021_cy<12>)
     MUXCY:CI->O           1   0.052   0.000  Mcompar_B_cmp_gt0021_cy<13> (Mcompar_B_cmp_gt0021_cy<13>)
     MUXCY:CI->O           1   0.052   0.000  Mcompar_B_cmp_gt0021_cy<14> (Mcompar_B_cmp_gt0021_cy<14>)
     MUXCY:CI->O           1   0.399   0.509  Mcompar_B_cmp_gt0021_cy<15> (Mcompar_B_cmp_gt0021_cy<15>)
     LUT3:I0->O            1   0.612   0.360  B_and001080_SW0 (N29)
     LUT4:I3->O            8   0.612   0.673  B_and001080 (B_and0010)
     LUT3:I2->O            2   0.612   0.532  Rout<2>111 (N34)
     LUT4:I0->O            1   0.612   0.387  Gout<6>26_SW0 (N65)
     LUT4:I2->O            1   0.612   0.357  Gout<6>26 (Gout_6_OBUF)
     OBUF:I->O                 3.169          Gout_6_OBUF (Gout<6>)
    ----------------------------------------
    Total                     12.349ns (8.880ns logic, 3.469ns route)
                                       (71.9% logic, 28.1% route)

=========================================================================


Total REAL time to Xst completion: 9.00 secs
Total CPU time to Xst completion: 7.93 secs
 
--> 


Total memory usage is 668672 kilobytes

Number of errors   :    0 (   0 filtered)
Number of warnings :   52 (   0 filtered)
Number of infos    :    1 (   0 filtered)

